# JRE version: Java(TM) SE Runtime Environment (8.0_45-b15) (build 1.8.0_45-b15)
# Java VM: Java HotSpot(TM) 64-Bit Server VM (25.45-b02 mixed mode windows-amd64 compressed oops)
Heap:
 PSYoungGen      total 221696K, used 98795K [0x00000000d5d80000, 0x00000000e5c00000, 0x0000000100000000)
  eden space 221184K, 44% used [0x00000000d5d80000,0x00000000dbda28e8,0x00000000e3580000)
  from space 512K, 68% used [0x00000000e5b00000,0x00000000e5b58420,0x00000000e5b80000)
  to   space 512K, 0% used [0x00000000e5b80000,0x00000000e5b80000,0x00000000e5c00000)
 ParOldGen       total 87552K, used 3621K [0x0000000081800000, 0x0000000086d80000, 0x00000000d5d80000)
  object space 87552K, 4% used [0x0000000081800000,0x0000000081b89560,0x0000000086d80000)
 Metaspace       used 11922K, capacity 12082K, committed 12288K, reserved 1060864K
  class space    used 1424K, capacity 1513K, committed 1536K, reserved 1048576K
GC Heap History (10 events):
Event: 143.900 GC heap before
{Heap before GC invocations=93 (full 0):
 PSYoungGen      total 174080K, used 173830K [0x00000000d5d80000, 0x00000000e5c00000, 0x0000000100000000)
  eden space 173568K, 99% used [0x00000000d5d80000,0x00000000e06eab98,0x00000000e0700000)
  from space 512K, 67% used [0x00000000e5b80000,0x00000000e5bd6d38,0x00000000e5c00000)
  to   space 512K, 0% used [0x00000000e5b00000,0x00000000e5b00000,0x00000000e5b80000)
 ParOldGen       total 87552K, used 3605K [0x0000000081800000, 0x0000000086d80000, 0x00000000d5d80000)
  object space 87552K, 4% used [0x0000000081800000,0x0000000081b85560,0x0000000086d80000)
 Metaspace       used 11922K, capacity 12082K, committed 12288K, reserved 1060864K
  class space    used 1424K, capacity 1513K, committed 1536K, reserved 1048576K
Event: 143.900 GC heap after
Heap after GC invocations=93 (full 0):
 PSYoungGen      total 166912K, used 316K [0x00000000d5d80000, 0x00000000e5c00000, 0x0000000100000000)
  eden space 166400K, 0% used [0x00000000d5d80000,0x00000000d5d80000,0x00000000e0000000)
  from space 512K, 61% used [0x00000000e5b00000,0x00000000e5b4f200,0x00000000e5b80000)
  to   space 512K, 0% used [0x00000000e5b80000,0x00000000e5b80000,0x00000000e5c00000)
 ParOldGen       total 87552K, used 3605K [0x0000000081800000, 0x0000000086d80000, 0x00000000d5d80000)
  object space 87552K, 4% used [0x0000000081800000,0x0000000081b85560,0x0000000086d80000)
 Metaspace       used 11922K, capacity 12082K, committed 12288K, reserved 1060864K
  class space    used 1424K, capacity 1513K, committed 1536K, reserved 1048576K
}
Event: 143.945 GC heap before
{Heap before GC invocations=94 (full 0):
 PSYoungGen      total 166912K, used 166716K [0x00000000d5d80000, 0x00000000e5c00000, 0x0000000100000000)
  eden space 166400K, 100% used [0x00000000d5d80000,0x00000000e0000000,0x00000000e0000000)
  from space 512K, 61% used [0x00000000e5b00000,0x00000000e5b4f200,0x00000000e5b80000)
  to   space 512K, 0% used [0x00000000e5b80000,0x00000000e5b80000,0x00000000e5c00000)
 ParOldGen       total 87552K, used 3605K [0x0000000081800000, 0x0000000086d80000, 0x00000000d5d80000)
  object space 87552K, 4% used [0x0000000081800000,0x0000000081b85560,0x0000000086d80000)
 Metaspace       used 11922K, capacity 12082K, committed 12288K, reserved 1060864K
  class space    used 1424K, capacity 1513K, committed 1536K, reserved 1048576K
Event: 143.945 GC heap after
Heap after GC invocations=94 (full 0):
 PSYoungGen      total 160256K, used 317K [0x00000000d5d80000, 0x00000000e5c00000, 0x0000000100000000)
  eden space 159744K, 0% used [0x00000000d5d80000,0x00000000d5d80000,0x00000000df980000)
  from space 512K, 62% used [0x00000000e5b80000,0x00000000e5bcf698,0x00000000e5c00000)
  to   space 512K, 0% used [0x00000000e5b00000,0x00000000e5b00000,0x00000000e5b80000)
 ParOldGen       total 87552K, used 3613K [0x0000000081800000, 0x0000000086d80000, 0x00000000d5d80000)
  object space 87552K, 4% used [0x0000000081800000,0x0000000081b87560,0x0000000086d80000)
 Metaspace       used 11922K, capacity 12082K, committed 12288K, reserved 1060864K
  class space    used 1424K, capacity 1513K, committed 1536K, reserved 1048576K
}
Event: 144.000 GC heap before
{Heap before GC invocations=95 (full 0):
 PSYoungGen      total 160256K, used 159836K [0x00000000d5d80000, 0x00000000e5c00000, 0x0000000100000000)
  eden space 159744K, 99% used [0x00000000d5d80000,0x00000000df947ba0,0x00000000df980000)
  from space 512K, 62% used [0x00000000e5b80000,0x00000000e5bcf698,0x00000000e5c00000)
  to   space 512K, 0% used [0x00000000e5b00000,0x00000000e5b00000,0x00000000e5b80000)
 ParOldGen       total 87552K, used 3613K [0x0000000081800000, 0x0000000086d80000, 0x00000000d5d80000)
  object space 87552K, 4% used [0x0000000081800000,0x0000000081b87560,0x0000000086d80000)
 Metaspace       used 11922K, capacity 12082K, committed 12288K, reserved 1060864K
  class space    used 1424K, capacity 1513K, committed 1536K, reserved 1048576K
Event: 144.000 GC heap after
Heap after GC invocations=95 (full 0):
 PSYoungGen      total 154112K, used 350K [0x00000000d5d80000, 0x00000000e5c00000, 0x0000000100000000)
  eden space 153600K, 0% used [0x00000000d5d80000,0x00000000d5d80000,0x00000000df380000)
  from space 512K, 68% used [0x00000000e5b00000,0x00000000e5b57af0,0x00000000e5b80000)
  to   space 512K, 0% used [0x00000000e5b80000,0x00000000e5b80000,0x00000000e5c00000)
 ParOldGen       total 87552K, used 3613K [0x0000000081800000, 0x0000000086d80000, 0x00000000d5d80000)
  object space 87552K, 4% used [0x0000000081800000,0x0000000081b87560,0x0000000086d80000)
 Metaspace       used 11922K, capacity 12082K, committed 12288K, reserved 1060864K
  class space    used 1424K, capacity 1513K, committed 1536K, reserved 1048576K
}
Event: 144.050 GC heap before
{Heap before GC invocations=96 (full 0):
 PSYoungGen      total 154112K, used 153751K [0x00000000d5d80000, 0x00000000e5c00000, 0x0000000100000000)
  eden space 153600K, 99% used [0x00000000d5d80000,0x00000000df34e188,0x00000000df380000)
  from space 512K, 68% used [0x00000000e5b00000,0x00000000e5b57af0,0x00000000e5b80000)
  to   space 512K, 0% used [0x00000000e5b80000,0x00000000e5b80000,0x00000000e5c00000)
 ParOldGen       total 87552K, used 3613K [0x0000000081800000, 0x0000000086d80000, 0x00000000d5d80000)
  object space 87552K, 4% used [0x0000000081800000,0x0000000081b87560,0x0000000086d80000)
 Metaspace       used 11922K, capacity 12082K, committed 12288K, reserved 1060864K
  class space    used 1424K, capacity 1513K, committed 1536K, reserved 1048576K
Event: 144.050 GC heap after
Heap after GC invocations=96 (full 0):
 PSYoungGen      total 184832K, used 319K [0x00000000d5d80000, 0x00000000e5c00000, 0x0000000100000000)
  eden space 184320K, 0% used [0x00000000d5d80000,0x00000000d5d80000,0x00000000e1180000)
  from space 512K, 62% used [0x00000000e5b80000,0x00000000e5bcff20,0x00000000e5c00000)
  to   space 512K, 0% used [0x00000000e5b00000,0x00000000e5b00000,0x00000000e5b80000)
 ParOldGen       total 87552K, used 3621K [0x0000000081800000, 0x0000000086d80000, 0x00000000d5d80000)
  object space 87552K, 4% used [0x0000000081800000,0x0000000081b89560,0x0000000086d80000)
 Metaspace       used 11922K, capacity 12082K, committed 12288K, reserved 1060864K
  class space    used 1424K, capacity 1513K, committed 1536K, reserved 1048576K
}
Event: 144.113 GC heap before
{Heap before GC invocations=97 (full 0):
 PSYoungGen      total 184832K, used 184570K [0x00000000d5d80000, 0x00000000e5c00000, 0x0000000100000000)
  eden space 184320K, 99% used [0x00000000d5d80000,0x00000000e116ec68,0x00000000e1180000)
  from space 512K, 62% used [0x00000000e5b80000,0x00000000e5bcff20,0x00000000e5c00000)
  to   space 512K, 0% used [0x00000000e5b00000,0x00000000e5b00000,0x00000000e5b80000)
 ParOldGen       total 87552K, used 3621K [0x0000000081800000, 0x0000000086d80000, 0x00000000d5d80000)
  object space 87552K, 4% used [0x0000000081800000,0x0000000081b89560,0x0000000086d80000)
 Metaspace       used 11922K, capacity 12082K, committed 12288K, reserved 1060864K
  class space    used 1424K, capacity 1513K, committed 1536K, reserved 1048576K
Event: 144.114 GC heap after
Heap after GC invocations=97 (full 0):
 PSYoungGen      total 221696K, used 353K [0x00000000d5d80000, 0x00000000e5c00000, 0x0000000100000000)
  eden space 221184K, 0% used [0x00000000d5d80000,0x00000000d5d80000,0x00000000e3580000)
  from space 512K, 68% used [0x00000000e5b00000,0x00000000e5b58420,0x00000000e5b80000)
  to   space 512K, 0% used [0x00000000e5b80000,0x00000000e5b80000,0x00000000e5c00000)
 ParOldGen       total 87552K, used 3621K [0x0000000081800000, 0x0000000086d80000, 0x00000000d5d80000)
  object space 87552K, 4% used [0x0000000081800000,0x0000000081b89560,0x0000000086d80000)
 Metaspace       used 11922K, capacity 12082K, committed 12288K, reserved 1060864K
  class space    used 1424K, capacity 1513K, committed 1536K, reserved 1048576K
}

