# JRE version: Java(TM) SE Runtime Environment (8.0_45-b15) (build 1.8.0_45-b15)
# Java VM: Java HotSpot(TM) 64-Bit Server VM (25.45-b02 mixed mode windows-amd64 compressed oops)
Heap:
 PSYoungGen      total 249344K, used 152019K [0x00000000d5d80000, 0x00000000e6500000, 0x0000000100000000)
  eden space 248832K, 60% used [0x00000000d5d80000,0x00000000df1b38d8,0x00000000e5080000)
  from space 512K, 50% used [0x00000000e6480000,0x00000000e64c1380,0x00000000e6500000)
  to   space 512K, 0% used [0x00000000e6400000,0x00000000e6400000,0x00000000e6480000)
 ParOldGen       total 87552K, used 5254K [0x0000000081800000, 0x0000000086d80000, 0x00000000d5d80000)
  object space 87552K, 6% used [0x0000000081800000,0x0000000081d21938,0x0000000086d80000)
 Metaspace       used 11695K, capacity 11858K, committed 12032K, reserved 1060864K
  class space    used 1407K, capacity 1481K, committed 1536K, reserved 1048576K
GC Heap History (10 events):
Event: 18.442 GC heap before
{Heap before GC invocations=62 (full 0):
 PSYoungGen      total 260608K, used 260350K [0x00000000d5d80000, 0x00000000e6500000, 0x0000000100000000)
  eden space 260096K, 100% used [0x00000000d5d80000,0x00000000e5b80000,0x00000000e5b80000)
  from space 512K, 49% used [0x00000000e5b80000,0x00000000e5bbfaa8,0x00000000e5c00000)
  to   space 512K, 0% used [0x00000000e6480000,0x00000000e6480000,0x00000000e6500000)
 ParOldGen       total 87552K, used 5254K [0x0000000081800000, 0x0000000086d80000, 0x00000000d5d80000)
  object space 87552K, 6% used [0x0000000081800000,0x0000000081d21938,0x0000000086d80000)
 Metaspace       used 11693K, capacity 11858K, committed 12032K, reserved 1060864K
  class space    used 1407K, capacity 1481K, committed 1536K, reserved 1048576K
Event: 18.443 GC heap after
Heap after GC invocations=62 (full 0):
 PSYoungGen      total 249344K, used 224K [0x00000000d5d80000, 0x00000000e6500000, 0x0000000100000000)
  eden space 248832K, 0% used [0x00000000d5d80000,0x00000000d5d80000,0x00000000e5080000)
  from space 512K, 43% used [0x00000000e6480000,0x00000000e64b8088,0x00000000e6500000)
  to   space 512K, 0% used [0x00000000e6400000,0x00000000e6400000,0x00000000e6480000)
 ParOldGen       total 87552K, used 5254K [0x0000000081800000, 0x0000000086d80000, 0x00000000d5d80000)
  object space 87552K, 6% used [0x0000000081800000,0x0000000081d21938,0x0000000086d80000)
 Metaspace       used 11693K, capacity 11858K, committed 12032K, reserved 1060864K
  class space    used 1407K, capacity 1481K, committed 1536K, reserved 1048576K
}
Event: 18.525 GC heap before
{Heap before GC invocations=63 (full 0):
 PSYoungGen      total 249344K, used 249056K [0x00000000d5d80000, 0x00000000e6500000, 0x0000000100000000)
  eden space 248832K, 100% used [0x00000000d5d80000,0x00000000e5080000,0x00000000e5080000)
  from space 512K, 43% used [0x00000000e6480000,0x00000000e64b8088,0x00000000e6500000)
  to   space 512K, 0% used [0x00000000e6400000,0x00000000e6400000,0x00000000e6480000)
 ParOldGen       total 87552K, used 5254K [0x0000000081800000, 0x0000000086d80000, 0x00000000d5d80000)
  object space 87552K, 6% used [0x0000000081800000,0x0000000081d21938,0x0000000086d80000)
 Metaspace       used 11693K, capacity 11858K, committed 12032K, reserved 1060864K
  class space    used 1407K, capacity 1481K, committed 1536K, reserved 1048576K
Event: 18.528 GC heap after
Heap after GC invocations=63 (full 0):
 PSYoungGen      total 249344K, used 225K [0x00000000d5d80000, 0x00000000e6500000, 0x0000000100000000)
  eden space 248832K, 0% used [0x00000000d5d80000,0x00000000d5d80000,0x00000000e5080000)
  from space 512K, 44% used [0x00000000e6400000,0x00000000e64385f0,0x00000000e6480000)
  to   space 512K, 0% used [0x00000000e6480000,0x00000000e6480000,0x00000000e6500000)
 ParOldGen       total 87552K, used 5254K [0x0000000081800000, 0x0000000086d80000, 0x00000000d5d80000)
  object space 87552K, 6% used [0x0000000081800000,0x0000000081d21938,0x0000000086d80000)
 Metaspace       used 11693K, capacity 11858K, committed 12032K, reserved 1060864K
  class space    used 1407K, capacity 1481K, committed 1536K, reserved 1048576K
}
Event: 18.601 GC heap before
{Heap before GC invocations=64 (full 0):
 PSYoungGen      total 249344K, used 249057K [0x00000000d5d80000, 0x00000000e6500000, 0x0000000100000000)
  eden space 248832K, 100% used [0x00000000d5d80000,0x00000000e5080000,0x00000000e5080000)
  from space 512K, 44% used [0x00000000e6400000,0x00000000e64385f0,0x00000000e6480000)
  to   space 512K, 0% used [0x00000000e6480000,0x00000000e6480000,0x00000000e6500000)
 ParOldGen       total 87552K, used 5254K [0x0000000081800000, 0x0000000086d80000, 0x00000000d5d80000)
  object space 87552K, 6% used [0x0000000081800000,0x0000000081d21938,0x0000000086d80000)
 Metaspace       used 11693K, capacity 11858K, committed 12032K, reserved 1060864K
  class space    used 1407K, capacity 1481K, committed 1536K, reserved 1048576K
Event: 18.602 GC heap after
Heap after GC invocations=64 (full 0):
 PSYoungGen      total 249344K, used 258K [0x00000000d5d80000, 0x00000000e6500000, 0x0000000100000000)
  eden space 248832K, 0% used [0x00000000d5d80000,0x00000000d5d80000,0x00000000e5080000)
  from space 512K, 50% used [0x00000000e6480000,0x00000000e64c0af8,0x00000000e6500000)
  to   space 512K, 0% used [0x00000000e6400000,0x00000000e6400000,0x00000000e6480000)
 ParOldGen       total 87552K, used 5254K [0x0000000081800000, 0x0000000086d80000, 0x00000000d5d80000)
  object space 87552K, 6% used [0x0000000081800000,0x0000000081d21938,0x0000000086d80000)
 Metaspace       used 11693K, capacity 11858K, committed 12032K, reserved 1060864K
  class space    used 1407K, capacity 1481K, committed 1536K, reserved 1048576K
}
Event: 18.672 GC heap before
{Heap before GC invocations=65 (full 0):
 PSYoungGen      total 249344K, used 249090K [0x00000000d5d80000, 0x00000000e6500000, 0x0000000100000000)
  eden space 248832K, 100% used [0x00000000d5d80000,0x00000000e5080000,0x00000000e5080000)
  from space 512K, 50% used [0x00000000e6480000,0x00000000e64c0af8,0x00000000e6500000)
  to   space 512K, 0% used [0x00000000e6400000,0x00000000e6400000,0x00000000e6480000)
 ParOldGen       total 87552K, used 5254K [0x0000000081800000, 0x0000000086d80000, 0x00000000d5d80000)
  object space 87552K, 6% used [0x0000000081800000,0x0000000081d21938,0x0000000086d80000)
 Metaspace       used 11693K, capacity 11858K, committed 12032K, reserved 1060864K
  class space    used 1407K, capacity 1481K, committed 1536K, reserved 1048576K
Event: 18.687 GC heap after
Heap after GC invocations=65 (full 0):
 PSYoungGen      total 249344K, used 259K [0x00000000d5d80000, 0x00000000e6500000, 0x0000000100000000)
  eden space 248832K, 0% used [0x00000000d5d80000,0x00000000d5d80000,0x00000000e5080000)
  from space 512K, 50% used [0x00000000e6400000,0x00000000e6440fa0,0x00000000e6480000)
  to   space 512K, 0% used [0x00000000e6480000,0x00000000e6480000,0x00000000e6500000)
 ParOldGen       total 87552K, used 5254K [0x0000000081800000, 0x0000000086d80000, 0x00000000d5d80000)
  object space 87552K, 6% used [0x0000000081800000,0x0000000081d21938,0x0000000086d80000)
 Metaspace       used 11693K, capacity 11858K, committed 12032K, reserved 1060864K
  class space    used 1407K, capacity 1481K, committed 1536K, reserved 1048576K
}
Event: 18.782 GC heap before
{Heap before GC invocations=66 (full 0):
 PSYoungGen      total 249344K, used 249049K [0x00000000d5d80000, 0x00000000e6500000, 0x0000000100000000)
  eden space 248832K, 99% used [0x00000000d5d80000,0x00000000e5075830,0x00000000e5080000)
  from space 512K, 50% used [0x00000000e6400000,0x00000000e6440fa0,0x00000000e6480000)
  to   space 512K, 0% used [0x00000000e6480000,0x00000000e6480000,0x00000000e6500000)
 ParOldGen       total 87552K, used 5254K [0x0000000081800000, 0x0000000086d80000, 0x00000000d5d80000)
  object space 87552K, 6% used [0x0000000081800000,0x0000000081d21938,0x0000000086d80000)
 Metaspace       used 11693K, capacity 11858K, committed 12032K, reserved 1060864K
  class space    used 1407K, capacity 1481K, committed 1536K, reserved 1048576K
Event: 18.783 GC heap after
Heap after GC invocations=66 (full 0):
 PSYoungGen      total 249344K, used 260K [0x00000000d5d80000, 0x00000000e6500000, 0x0000000100000000)
  eden space 248832K, 0% used [0x00000000d5d80000,0x00000000d5d80000,0x00000000e5080000)
  from space 512K, 50% used [0x00000000e6480000,0x00000000e64c1380,0x00000000e6500000)
  to   space 512K, 0% used [0x00000000e6400000,0x00000000e6400000,0x00000000e6480000)
 ParOldGen       total 87552K, used 5254K [0x0000000081800000, 0x0000000086d80000, 0x00000000d5d80000)
  object space 87552K, 6% used [0x0000000081800000,0x0000000081d21938,0x0000000086d80000)
 Metaspace       used 11693K, capacity 11858K, committed 12032K, reserved 1060864K
  class space    used 1407K, capacity 1481K, committed 1536K, reserved 1048576K
}

