# JRE version: Java(TM) SE Runtime Environment (8.0_45-b15) (build 1.8.0_45-b15)
# Java VM: Java HotSpot(TM) 64-Bit Server VM (25.45-b02 mixed mode windows-amd64 compressed oops)
Heap:
 PSYoungGen      total 185856K, used 26438K [0x00000000d5d80000, 0x00000000e5300000, 0x0000000100000000)
  eden space 185344K, 13% used [0x00000000d5d80000,0x00000000d76d2580,0x00000000e1280000)
  from space 512K, 99% used [0x00000000e5200000,0x00000000e527f2a8,0x00000000e5280000)
  to   space 512K, 0% used [0x00000000e5280000,0x00000000e5280000,0x00000000e5300000)
 ParOldGen       total 87552K, used 4397K [0x0000000081800000, 0x0000000086d80000, 0x00000000d5d80000)
  object space 87552K, 5% used [0x0000000081800000,0x0000000081c4b4a8,0x0000000086d80000)
 Metaspace       used 11494K, capacity 11666K, committed 11776K, reserved 1058816K
  class space    used 1406K, capacity 1481K, committed 1536K, reserved 1048576K
GC Heap History (10 events):
Event: 11.091 GC heap before
{Heap before GC invocations=79 (full 0):
 PSYoungGen      total 229888K, used 229597K [0x00000000d5d80000, 0x00000000e5300000, 0x0000000100000000)
  eden space 229376K, 99% used [0x00000000d5d80000,0x00000000e3d72258,0x00000000e3d80000)
  from space 512K, 54% used [0x00000000e5280000,0x00000000e52c5548,0x00000000e5300000)
  to   space 512K, 0% used [0x00000000e5200000,0x00000000e5200000,0x00000000e5280000)
 ParOldGen       total 87552K, used 2725K [0x0000000081800000, 0x0000000086d80000, 0x00000000d5d80000)
  object space 87552K, 3% used [0x0000000081800000,0x0000000081aa9508,0x0000000086d80000)
 Metaspace       used 11425K, capacity 11602K, committed 11776K, reserved 1058816K
  class space    used 1405K, capacity 1481K, committed 1536K, reserved 1048576K
Event: 11.092 GC heap after
Heap after GC invocations=79 (full 0):
 PSYoungGen      total 220160K, used 310K [0x00000000d5d80000, 0x00000000e5300000, 0x0000000100000000)
  eden space 219648K, 0% used [0x00000000d5d80000,0x00000000d5d80000,0x00000000e3400000)
  from space 512K, 60% used [0x00000000e5200000,0x00000000e524d988,0x00000000e5280000)
  to   space 512K, 0% used [0x00000000e5280000,0x00000000e5280000,0x00000000e5300000)
 ParOldGen       total 87552K, used 2725K [0x0000000081800000, 0x0000000086d80000, 0x00000000d5d80000)
  object space 87552K, 3% used [0x0000000081800000,0x0000000081aa9508,0x0000000086d80000)
 Metaspace       used 11425K, capacity 11602K, committed 11776K, reserved 1058816K
  class space    used 1405K, capacity 1481K, committed 1536K, reserved 1048576K
}
Event: 11.156 GC heap before
{Heap before GC invocations=80 (full 0):
 PSYoungGen      total 220160K, used 219898K [0x00000000d5d80000, 0x00000000e5300000, 0x0000000100000000)
  eden space 219648K, 99% used [0x00000000d5d80000,0x00000000e33f0f00,0x00000000e3400000)
  from space 512K, 60% used [0x00000000e5200000,0x00000000e524d988,0x00000000e5280000)
  to   space 512K, 0% used [0x00000000e5280000,0x00000000e5280000,0x00000000e5300000)
 ParOldGen       total 87552K, used 2725K [0x0000000081800000, 0x0000000086d80000, 0x00000000d5d80000)
  object space 87552K, 3% used [0x0000000081800000,0x0000000081aa9508,0x0000000086d80000)
 Metaspace       used 11425K, capacity 11602K, committed 11776K, reserved 1058816K
  class space    used 1405K, capacity 1481K, committed 1536K, reserved 1048576K
Event: 11.156 GC heap after
Heap after GC invocations=80 (full 0):
 PSYoungGen      total 210944K, used 279K [0x00000000d5d80000, 0x00000000e5300000, 0x0000000100000000)
  eden space 210432K, 0% used [0x00000000d5d80000,0x00000000d5d80000,0x00000000e2b00000)
  from space 512K, 54% used [0x00000000e5280000,0x00000000e52c5d68,0x00000000e5300000)
  to   space 512K, 0% used [0x00000000e5200000,0x00000000e5200000,0x00000000e5280000)
 ParOldGen       total 87552K, used 2725K [0x0000000081800000, 0x0000000086d80000, 0x00000000d5d80000)
  object space 87552K, 3% used [0x0000000081800000,0x0000000081aa9508,0x0000000086d80000)
 Metaspace       used 11425K, capacity 11602K, committed 11776K, reserved 1058816K
  class space    used 1405K, capacity 1481K, committed 1536K, reserved 1048576K
}
Event: 11.225 GC heap before
{Heap before GC invocations=81 (full 0):
 PSYoungGen      total 210944K, used 210646K [0x00000000d5d80000, 0x00000000e5300000, 0x0000000100000000)
  eden space 210432K, 99% used [0x00000000d5d80000,0x00000000e2aefc68,0x00000000e2b00000)
  from space 512K, 54% used [0x00000000e5280000,0x00000000e52c5d68,0x00000000e5300000)
  to   space 512K, 0% used [0x00000000e5200000,0x00000000e5200000,0x00000000e5280000)
 ParOldGen       total 87552K, used 2725K [0x0000000081800000, 0x0000000086d80000, 0x00000000d5d80000)
  object space 87552K, 3% used [0x0000000081800000,0x0000000081aa9508,0x0000000086d80000)
 Metaspace       used 11425K, capacity 11602K, committed 11776K, reserved 1058816K
  class space    used 1405K, capacity 1481K, committed 1536K, reserved 1048576K
Event: 11.225 GC heap after
Heap after GC invocations=81 (full 0):
 PSYoungGen      total 202240K, used 280K [0x00000000d5d80000, 0x00000000e5300000, 0x0000000100000000)
  eden space 201728K, 0% used [0x00000000d5d80000,0x00000000d5d80000,0x00000000e2280000)
  from space 512K, 54% used [0x00000000e5200000,0x00000000e52460d0,0x00000000e5280000)
  to   space 512K, 0% used [0x00000000e5280000,0x00000000e5280000,0x00000000e5300000)
 ParOldGen       total 87552K, used 2725K [0x0000000081800000, 0x0000000086d80000, 0x00000000d5d80000)
  object space 87552K, 3% used [0x0000000081800000,0x0000000081aa9508,0x0000000086d80000)
 Metaspace       used 11425K, capacity 11602K, committed 11776K, reserved 1058816K
  class space    used 1405K, capacity 1481K, committed 1536K, reserved 1048576K
}
Event: 11.287 GC heap before
{Heap before GC invocations=82 (full 0):
 PSYoungGen      total 202240K, used 201950K [0x00000000d5d80000, 0x00000000e5300000, 0x0000000100000000)
  eden space 201728K, 99% used [0x00000000d5d80000,0x00000000e22719b0,0x00000000e2280000)
  from space 512K, 54% used [0x00000000e5200000,0x00000000e52460d0,0x00000000e5280000)
  to   space 512K, 0% used [0x00000000e5280000,0x00000000e5280000,0x00000000e5300000)
 ParOldGen       total 87552K, used 2725K [0x0000000081800000, 0x0000000086d80000, 0x00000000d5d80000)
  object space 87552K, 3% used [0x0000000081800000,0x0000000081aa9508,0x0000000086d80000)
 Metaspace       used 11425K, capacity 11602K, committed 11776K, reserved 1058816K
  class space    used 1405K, capacity 1481K, committed 1536K, reserved 1048576K
Event: 11.288 GC heap after
Heap after GC invocations=82 (full 0):
 PSYoungGen      total 194048K, used 248K [0x00000000d5d80000, 0x00000000e5300000, 0x0000000100000000)
  eden space 193536K, 0% used [0x00000000d5d80000,0x00000000d5d80000,0x00000000e1a80000)
  from space 512K, 48% used [0x00000000e5280000,0x00000000e52be3b0,0x00000000e5300000)
  to   space 512K, 0% used [0x00000000e5200000,0x00000000e5200000,0x00000000e5280000)
 ParOldGen       total 87552K, used 2725K [0x0000000081800000, 0x0000000086d80000, 0x00000000d5d80000)
  object space 87552K, 3% used [0x0000000081800000,0x0000000081aa9508,0x0000000086d80000)
 Metaspace       used 11425K, capacity 11602K, committed 11776K, reserved 1058816K
  class space    used 1405K, capacity 1481K, committed 1536K, reserved 1048576K
}
Event: 11.503 GC heap before
{Heap before GC invocations=83 (full 0):
 PSYoungGen      total 194048K, used 193784K [0x00000000d5d80000, 0x00000000e5300000, 0x0000000100000000)
  eden space 193536K, 100% used [0x00000000d5d80000,0x00000000e1a80000,0x00000000e1a80000)
  from space 512K, 48% used [0x00000000e5280000,0x00000000e52be3b0,0x00000000e5300000)
  to   space 512K, 0% used [0x00000000e5200000,0x00000000e5200000,0x00000000e5280000)
 ParOldGen       total 87552K, used 2725K [0x0000000081800000, 0x0000000086d80000, 0x00000000d5d80000)
  object space 87552K, 3% used [0x0000000081800000,0x0000000081aa9508,0x0000000086d80000)
 Metaspace       used 11494K, capacity 11666K, committed 11776K, reserved 1058816K
  class space    used 1406K, capacity 1481K, committed 1536K, reserved 1048576K
Event: 11.506 GC heap after
Heap after GC invocations=83 (full 0):
 PSYoungGen      total 185856K, used 508K [0x00000000d5d80000, 0x00000000e5300000, 0x0000000100000000)
  eden space 185344K, 0% used [0x00000000d5d80000,0x00000000d5d80000,0x00000000e1280000)
  from space 512K, 99% used [0x00000000e5200000,0x00000000e527f2a8,0x00000000e5280000)
  to   space 512K, 0% used [0x00000000e5280000,0x00000000e5280000,0x00000000e5300000)
 ParOldGen       total 87552K, used 4397K [0x0000000081800000, 0x0000000086d80000, 0x00000000d5d80000)
  object space 87552K, 5% used [0x0000000081800000,0x0000000081c4b4a8,0x0000000086d80000)
 Metaspace       used 11494K, capacity 11666K, committed 11776K, reserved 1058816K
  class space    used 1406K, capacity 1481K, committed 1536K, reserved 1048576K
}

